<?xml version="1.0" encoding="UTF-8"?>
<!-- Generated by org.testng.reporters.JUnitReportReporter -->
<testsuite hostname="MT-4QQN6L3" failures="0" tests="2" name="com.mindtree.runner.Runner" time="22.859" errors="0" timestamp="2022-07-15T22:21:50 IST" skipped="0">
  <testcase classname="com.mindtree.runner.Runner" name="stringSearchAndCheck" time="11.643"/>
  <system-out/>
  <testcase classname="com.mindtree.runner.Runner" name="inputSearchAndCheck" time="11.216"/>
  <system-out/>
</testsuite> <!-- com.mindtree.runner.Runner -->
